2025-09-21 17:56:00 | INFO | repo=tictactoe | action=commit
2025-04-15 09:48:00 | WARN | repo=tictactoe | action=test | passed=true
2025-02-18 16:02:00 | DEBUG | repo=tictactoe | action=commit
2025-12-17 07:36:00 | DEBUG | repo=tictactoe | action=commit
2025-06-24 08:24:00 | WARN | repo=tictactoe | action=pull
2025-09-27 08:58:00 | WARN | repo=tictactoe | action=pull
2025-10-01 18:29:00 | WARN | repo=tictactoe | action=commit
2025-03-04 16:22:00 | INFO | repo=tictactoe | action=test | passed=true
2025-02-03 17:05:00 | INFO | repo=tictactoe | action=commit
2025-07-05 19:39:00 | INFO | repo=tictactoe | action=commit
2025-05-28 19:51:00 | WARN | repo=tictactoe | action=pull
2025-04-27 12:37:00 | INFO | repo=tictactoe | action=commit
2025-01-15 20:56:00 | INFO | repo=tictactoe | action=test | passed=true
2025-04-04 18:49:00 | WARN | repo=tictactoe | action=commit
2025-02-01 15:08:00 | INFO | repo=tictactoe | action=commit
2025-03-10 19:06:00 | INFO | repo=tictactoe | action=commit
2025-01-22 08:56:00 | WARN | repo=tictactoe | action=commit
2025-11-24 21:54:00 | INFO | repo=tictactoe | action=test | passed=true
2025-11-16 15:19:00 | WARN | repo=tictactoe | action=commit
2025-05-27 07:47:00 | INFO | repo=tictactoe | action=commit
2025-07-25 08:34:00 | INFO | repo=tictactoe | action=test | passed=true
2025-07-02 19:02:00 | DEBUG | repo=tictactoe | action=commit
2025-03-14 11:51:00 | INFO | repo=tictactoe | action=test | passed=true
2025-12-15 20:27:00 | DEBUG | repo=tictactoe | action=edit | files=2
2025-07-26 14:24:00 | WARN | repo=tictactoe | action=commit
2025-09-16 08:55:00 | DEBUG | repo=tictactoe | action=edit | files=1
2025-05-13 19:21:00 | DEBUG | repo=tictactoe | action=pull
2025-09-12 17:11:00 | INFO | repo=tictactoe | action=commit
2025-01-01 15:32:00 | DEBUG | repo=tictactoe | action=commit
2025-07-14 14:46:00 | DEBUG | repo=tictactoe | action=edit | files=3
2025-09-25 09:45:00 | INFO | repo=tictactoe | action=commit
2025-02-10 08:31:00 | WARN | repo=tictactoe | action=commit
2025-01-06 18:03:00 | DEBUG | repo=tictactoe | action=commit
2025-03-24 19:17:00 | DEBUG | repo=tictactoe | action=commit
2025-05-07 09:59:00 | DEBUG | repo=tictactoe | action=pull
2025-01-27 16:37:00 | INFO | repo=tictactoe | action=commit
2025-07-09 21:10:00 | INFO | repo=tictactoe | action=edit | files=1
2025-03-14 07:31:00 | WARN | repo=tictactoe | action=commit
2025-02-27 09:37:00 | WARN | repo=tictactoe | action=test | passed=true
2025-07-06 12:58:00 | INFO | repo=tictactoe | action=commit
2025-11-28 20:10:00 | DEBUG | repo=tictactoe | action=commit
2025-03-05 19:24:00 | DEBUG | repo=tictactoe | action=pull
2025-10-07 18:14:00 | WARN | repo=tictactoe | action=commit
2025-01-14 08:57:00 | INFO | repo=tictactoe | action=commit
2025-12-12 21:02:00 | WARN | repo=tictactoe | action=edit | files=4
2025-04-06 12:18:00 | WARN | repo=tictactoe | action=commit
2025-01-24 21:29:00 | WARN | repo=tictactoe | action=test | passed=true
2025-11-12 17:56:00 | WARN | repo=tictactoe | action=commit
2025-03-04 09:26:00 | INFO | repo=tictactoe | action=commit
2025-09-07 12:39:00 | DEBUG | repo=tictactoe | action=commit
2025-08-09 11:50:00 | WARN | repo=tictactoe | action=edit | files=4
2025-08-07 08:13:00 | DEBUG | repo=tictactoe | action=test | passed=true
2025-12-15 20:13:00 | DEBUG | repo=tictactoe | action=commit
2025-12-13 09:13:00 | DEBUG | repo=tictactoe | action=commit
2025-08-13 17:12:00 | INFO | repo=tictactoe | action=commit
2025-05-23 09:00:00 | INFO | repo=tictactoe | action=commit
